<?xml version="1.0" encoding="utf-8"?>
<TestRun id="8f3c34d9-c548-4e3e-b1d8-a678b91e0975" name="Santosh@DESKTOP-AHRJSTU 2024-06-17 20:29:06" runUser="DESKTOP-AHRJSTU\Santosh" xmlns="http://microsoft.com/schemas/VisualStudio/TeamTest/2010">
  <Times creation="2024-06-17T20:29:06.7275162+05:30" queuing="2024-06-17T20:29:06.7275165+05:30" start="2024-06-17T20:29:05.1191934+05:30" finish="2024-06-17T20:29:06.7361030+05:30" />
  <TestSettings name="default" id="3cb9f5c6-013b-47d1-baf2-aeedfe848310">
    <Deployment runDeploymentRoot="Santosh_DESKTOP-AHRJSTU_2024-06-17_20_29_06" />
  </TestSettings>
  <Results>
    <UnitTestResult executionId="9455c7eb-8921-4ad1-b28d-431b087e8633" testId="a0570323-7673-a3ad-7c32-e6e257ee5f9c" testName="CreditCardValidationApi.Tests.ControllerTests.CreditCardControllerTests.ValidateCreditCard_ValidCard_ReturnsTrue" computerName="DESKTOP-AHRJSTU" duration="00:00:00.0153353" startTime="2024-06-17T20:29:06.5747867+05:30" endTime="2024-06-17T20:29:06.5747873+05:30" testType="13cdc9d9-ddb5-4fa4-a97d-d965ccfc6d4b" outcome="Passed" testListId="8c84fa94-04c1-424b-9868-57a2d4851a1d" relativeResultsDirectory="9455c7eb-8921-4ad1-b28d-431b087e8633" />
    <UnitTestResult executionId="b70f9ad8-9037-419e-9244-ec4afe0e1767" testId="1c6b630f-7a88-88c9-b3d3-e1d9646d55de" testName="CreditCardValidationApi.Tests.ControllerTests.CreditCardControllerTests.ValidateCreditCard_EmptyCardNumber_ReturnsBadRequest" computerName="DESKTOP-AHRJSTU" duration="00:00:00.0515819" startTime="2024-06-17T20:29:06.5599976+05:30" endTime="2024-06-17T20:29:06.5600291+05:30" testType="13cdc9d9-ddb5-4fa4-a97d-d965ccfc6d4b" outcome="Passed" testListId="8c84fa94-04c1-424b-9868-57a2d4851a1d" relativeResultsDirectory="b70f9ad8-9037-419e-9244-ec4afe0e1767" />
    <UnitTestResult executionId="10a11ce4-707b-409d-bcec-266334a7f59c" testId="b34754f1-88c3-bc77-05db-b891fc2e3b84" testName="CreditCardValidationApi.Tests.ControllerTests.CreditCardControllerTests.ValidateCreditCard_InvalidCard_ReturnsFalse" computerName="DESKTOP-AHRJSTU" duration="00:00:00.0010837" startTime="2024-06-17T20:29:06.5758807+05:30" endTime="2024-06-17T20:29:06.5758810+05:30" testType="13cdc9d9-ddb5-4fa4-a97d-d965ccfc6d4b" outcome="Passed" testListId="8c84fa94-04c1-424b-9868-57a2d4851a1d" relativeResultsDirectory="10a11ce4-707b-409d-bcec-266334a7f59c" />
  </Results>
  <TestDefinitions>
    <UnitTest name="CreditCardValidationApi.Tests.ControllerTests.CreditCardControllerTests.ValidateCreditCard_ValidCard_ReturnsTrue" storage="d:\creditcardvalidationapi\creditcardvalidationapi.tests\bin\debug\net8.0\creditcardvalidationapi.tests.dll" id="a0570323-7673-a3ad-7c32-e6e257ee5f9c">
      <Execution id="9455c7eb-8921-4ad1-b28d-431b087e8633" />
      <TestMethod codeBase="D:\CreditCardValidationApi\CreditCardValidationApi.Tests\bin\Debug\net8.0\CreditCardValidationApi.Tests.dll" adapterTypeName="executor://xunit/VsTestRunner2/netcoreapp" className="CreditCardValidationApi.Tests.ControllerTests.CreditCardControllerTests" name="ValidateCreditCard_ValidCard_ReturnsTrue" />
    </UnitTest>
    <UnitTest name="CreditCardValidationApi.Tests.ControllerTests.CreditCardControllerTests.ValidateCreditCard_EmptyCardNumber_ReturnsBadRequest" storage="d:\creditcardvalidationapi\creditcardvalidationapi.tests\bin\debug\net8.0\creditcardvalidationapi.tests.dll" id="1c6b630f-7a88-88c9-b3d3-e1d9646d55de">
      <Execution id="b70f9ad8-9037-419e-9244-ec4afe0e1767" />
      <TestMethod codeBase="D:\CreditCardValidationApi\CreditCardValidationApi.Tests\bin\Debug\net8.0\CreditCardValidationApi.Tests.dll" adapterTypeName="executor://xunit/VsTestRunner2/netcoreapp" className="CreditCardValidationApi.Tests.ControllerTests.CreditCardControllerTests" name="ValidateCreditCard_EmptyCardNumber_ReturnsBadRequest" />
    </UnitTest>
    <UnitTest name="CreditCardValidationApi.Tests.ControllerTests.CreditCardControllerTests.ValidateCreditCard_InvalidCard_ReturnsFalse" storage="d:\creditcardvalidationapi\creditcardvalidationapi.tests\bin\debug\net8.0\creditcardvalidationapi.tests.dll" id="b34754f1-88c3-bc77-05db-b891fc2e3b84">
      <Execution id="10a11ce4-707b-409d-bcec-266334a7f59c" />
      <TestMethod codeBase="D:\CreditCardValidationApi\CreditCardValidationApi.Tests\bin\Debug\net8.0\CreditCardValidationApi.Tests.dll" adapterTypeName="executor://xunit/VsTestRunner2/netcoreapp" className="CreditCardValidationApi.Tests.ControllerTests.CreditCardControllerTests" name="ValidateCreditCard_InvalidCard_ReturnsFalse" />
    </UnitTest>
  </TestDefinitions>
  <TestEntries>
    <TestEntry testId="a0570323-7673-a3ad-7c32-e6e257ee5f9c" executionId="9455c7eb-8921-4ad1-b28d-431b087e8633" testListId="8c84fa94-04c1-424b-9868-57a2d4851a1d" />
    <TestEntry testId="1c6b630f-7a88-88c9-b3d3-e1d9646d55de" executionId="b70f9ad8-9037-419e-9244-ec4afe0e1767" testListId="8c84fa94-04c1-424b-9868-57a2d4851a1d" />
    <TestEntry testId="b34754f1-88c3-bc77-05db-b891fc2e3b84" executionId="10a11ce4-707b-409d-bcec-266334a7f59c" testListId="8c84fa94-04c1-424b-9868-57a2d4851a1d" />
  </TestEntries>
  <TestLists>
    <TestList name="Results Not in a List" id="8c84fa94-04c1-424b-9868-57a2d4851a1d" />
    <TestList name="All Loaded Results" id="19431567-8539-422a-85d7-44ee4e166bda" />
  </TestLists>
  <ResultSummary outcome="Completed">
    <Counters total="3" executed="3" passed="3" failed="0" error="0" timeout="0" aborted="0" inconclusive="0" passedButRunAborted="0" notRunnable="0" notExecuted="0" disconnected="0" warning="0" completed="0" inProgress="0" pending="0" />
    <Output>
      <StdOut>[xUnit.net 00:00:00.00] xUnit.net VSTest Adapter v2.4.5+1caef2f33e (64-bit .NET 8.0.0)&#xD;
[xUnit.net 00:00:00.74]   Discovering: CreditCardValidationApi.Tests&#xD;
[xUnit.net 00:00:00.77]   Discovered:  CreditCardValidationApi.Tests&#xD;
[xUnit.net 00:00:00.77]   Starting:    CreditCardValidationApi.Tests&#xD;
[xUnit.net 00:00:00.89]   Finished:    CreditCardValidationApi.Tests&#xD;
</StdOut>
    </Output>
  </ResultSummary>
</TestRun>